0 info it worked if it ends with ok
1 verbose cli [ '/usr/bin/node',
1 verbose cli   '/usr/bin/npm',
1 verbose cli   'install',
1 verbose cli   'concentrate',
1 verbose cli   'dissolve',
1 verbose cli   'socketio' ]
2 info using npm@1.4.28
3 info using node@v0.10.33
4 verbose cache add [ 'concentrate', null ]
5 verbose cache add name=undefined spec="concentrate" args=["concentrate",null]
6 verbose parsed url { protocol: null,
6 verbose parsed url   slashes: null,
6 verbose parsed url   auth: null,
6 verbose parsed url   host: null,
6 verbose parsed url   port: null,
6 verbose parsed url   hostname: null,
6 verbose parsed url   hash: null,
6 verbose parsed url   search: null,
6 verbose parsed url   query: null,
6 verbose parsed url   pathname: 'concentrate',
6 verbose parsed url   path: 'concentrate',
6 verbose parsed url   href: 'concentrate' }
7 verbose cache add [ 'dissolve', null ]
8 verbose cache add name=undefined spec="dissolve" args=["dissolve",null]
9 verbose parsed url { protocol: null,
9 verbose parsed url   slashes: null,
9 verbose parsed url   auth: null,
9 verbose parsed url   host: null,
9 verbose parsed url   port: null,
9 verbose parsed url   hostname: null,
9 verbose parsed url   hash: null,
9 verbose parsed url   search: null,
9 verbose parsed url   query: null,
9 verbose parsed url   pathname: 'dissolve',
9 verbose parsed url   path: 'dissolve',
9 verbose parsed url   href: 'dissolve' }
10 verbose cache add [ 'socketio', null ]
11 verbose cache add name=undefined spec="socketio" args=["socketio",null]
12 verbose parsed url { protocol: null,
12 verbose parsed url   slashes: null,
12 verbose parsed url   auth: null,
12 verbose parsed url   host: null,
12 verbose parsed url   port: null,
12 verbose parsed url   hostname: null,
12 verbose parsed url   hash: null,
12 verbose parsed url   search: null,
12 verbose parsed url   query: null,
12 verbose parsed url   pathname: 'socketio',
12 verbose parsed url   path: 'socketio',
12 verbose parsed url   href: 'socketio' }
13 silly lockFile 0a45ca53-concentrate concentrate
14 verbose lock concentrate /home/ian/.npm/0a45ca53-concentrate.lock
15 silly lockFile 00fd7a27-dissolve dissolve
16 verbose lock dissolve /home/ian/.npm/00fd7a27-dissolve.lock
17 silly lockFile be461470-socketio socketio
18 verbose lock socketio /home/ian/.npm/be461470-socketio.lock
19 silly lockFile 0a45ca53-concentrate concentrate
20 silly lockFile 0a45ca53-concentrate concentrate
21 silly lockFile 00fd7a27-dissolve dissolve
22 silly lockFile 00fd7a27-dissolve dissolve
23 silly lockFile be461470-socketio socketio
24 silly lockFile be461470-socketio socketio
25 verbose addNamed [ 'concentrate', '' ]
26 verbose addNamed [ null, '*' ]
27 silly lockFile 57542589-concentrate concentrate@
28 verbose lock concentrate@ /home/ian/.npm/57542589-concentrate.lock
29 verbose addNamed [ 'dissolve', '' ]
30 verbose addNamed [ null, '*' ]
31 silly lockFile 5c6c55de-dissolve dissolve@
32 verbose lock dissolve@ /home/ian/.npm/5c6c55de-dissolve.lock
33 verbose addNamed [ 'socketio', '' ]
34 verbose addNamed [ null, '*' ]
35 silly lockFile fa004f70-socketio socketio@
36 verbose lock socketio@ /home/ian/.npm/fa004f70-socketio.lock
37 silly addNameRange { name: 'concentrate', range: '*', hasData: false }
38 silly addNameRange { name: 'dissolve', range: '*', hasData: false }
39 verbose request where is /concentrate
40 verbose request registry https://registry.npmjs.org/
41 verbose request id 70e7f9671e9c278b
42 verbose url raw /concentrate
43 verbose url resolving [ 'https://registry.npmjs.org/', './concentrate' ]
44 verbose url resolved https://registry.npmjs.org/concentrate
45 verbose request where is https://registry.npmjs.org/concentrate
46 info trying registry request attempt 1 at 13:29:49
47 http GET https://registry.npmjs.org/concentrate
48 silly addNameRange { name: 'socketio', range: '*', hasData: false }
49 verbose request where is /socketio
50 verbose request registry https://registry.npmjs.org/
51 verbose url raw /socketio
52 verbose url resolving [ 'https://registry.npmjs.org/', './socketio' ]
53 verbose url resolved https://registry.npmjs.org/socketio
54 verbose request where is https://registry.npmjs.org/socketio
55 info trying registry request attempt 1 at 13:29:49
56 http GET https://registry.npmjs.org/socketio
57 verbose request where is /dissolve
58 verbose request registry https://registry.npmjs.org/
59 verbose url raw /dissolve
60 verbose url resolving [ 'https://registry.npmjs.org/', './dissolve' ]
61 verbose url resolved https://registry.npmjs.org/dissolve
62 verbose request where is https://registry.npmjs.org/dissolve
63 info trying registry request attempt 1 at 13:29:49
64 verbose etag "AJP06J9AF9F1FADDPEJ4IXY15"
65 http GET https://registry.npmjs.org/dissolve
66 http 304 https://registry.npmjs.org/dissolve
67 silly registry.get cb [ 304,
67 silly registry.get   { date: 'Wed, 12 Nov 2014 20:29:32 GMT',
67 silly registry.get     server: 'Apache',
67 silly registry.get     via: '1.1 varnish',
67 silly registry.get     'last-modified': 'Wed, 12 Nov 2014 20:29:32 GMT',
67 silly registry.get     'cache-control': 'max-age=60',
67 silly registry.get     etag: '"AJP06J9AF9F1FADDPEJ4IXY15"',
67 silly registry.get     age: '10',
67 silly registry.get     'x-served-by': 'cache-sjc3131-SJC',
67 silly registry.get     'x-cache': 'HIT',
67 silly registry.get     'x-cache-hits': '1',
67 silly registry.get     'x-timer': 'S1415824172.577500,VS0,VE0',
67 silly registry.get     vary: 'Accept',
67 silly registry.get     'content-length': '0',
67 silly registry.get     'keep-alive': 'timeout=10, max=50',
67 silly registry.get     connection: 'Keep-Alive' } ]
68 verbose etag https://registry.npmjs.org/dissolve from cache
69 http 404 https://registry.npmjs.org/socketio
70 verbose headers { date: 'Wed, 12 Nov 2014 20:29:32 GMT',
70 verbose headers   server: 'CouchDB/1.5.0 (Erlang OTP/R16B03)',
70 verbose headers   'content-type': 'application/json',
70 verbose headers   'cache-control': 'max-age=0',
70 verbose headers   'content-length': '52',
70 verbose headers   'accept-ranges': 'bytes',
70 verbose headers   via: '1.1 varnish',
70 verbose headers   age: '0',
70 verbose headers   'x-served-by': 'cache-sjc3131-SJC',
70 verbose headers   'x-cache': 'MISS',
70 verbose headers   'x-cache-hits': '0',
70 verbose headers   'x-timer': 'S1415824172.550895,VS0,VE35',
70 verbose headers   'keep-alive': 'timeout=10, max=50',
70 verbose headers   connection: 'Keep-Alive' }
71 silly registry.get cb [ 404,
71 silly registry.get   { date: 'Wed, 12 Nov 2014 20:29:32 GMT',
71 silly registry.get     server: 'CouchDB/1.5.0 (Erlang OTP/R16B03)',
71 silly registry.get     'content-type': 'application/json',
71 silly registry.get     'cache-control': 'max-age=0',
71 silly registry.get     'content-length': '52',
71 silly registry.get     'accept-ranges': 'bytes',
71 silly registry.get     via: '1.1 varnish',
71 silly registry.get     age: '0',
71 silly registry.get     'x-served-by': 'cache-sjc3131-SJC',
71 silly registry.get     'x-cache': 'MISS',
71 silly registry.get     'x-cache-hits': '0',
71 silly registry.get     'x-timer': 'S1415824172.550895,VS0,VE35',
71 silly registry.get     'keep-alive': 'timeout=10, max=50',
71 silly registry.get     connection: 'Keep-Alive' } ]
72 silly lockFile fa004f70-socketio socketio@
73 silly lockFile fa004f70-socketio socketio@
74 silly addNameRange number 2 { name: 'dissolve', range: '*', hasData: true }
75 silly addNameRange versions [ 'dissolve',
75 silly addNameRange   [ '0.0.1', '0.1.1', '0.2.1', '0.3.1', '0.3.2', '0.3.3' ] ]
76 verbose addNamed [ 'dissolve', '0.3.3' ]
77 verbose addNamed [ '0.3.3', '0.3.3' ]
78 silly lockFile 48806a79-dissolve-0-3-3 dissolve@0.3.3
79 verbose lock dissolve@0.3.3 /home/ian/.npm/48806a79-dissolve-0-3-3.lock
80 silly lockFile 48806a79-dissolve-0-3-3 dissolve@0.3.3
81 silly lockFile 48806a79-dissolve-0-3-3 dissolve@0.3.3
82 silly lockFile 5c6c55de-dissolve dissolve@
83 silly lockFile 5c6c55de-dissolve dissolve@
84 http 200 https://registry.npmjs.org/concentrate
85 silly registry.get cb [ 200,
85 silly registry.get   { date: 'Wed, 12 Nov 2014 20:29:32 GMT',
85 silly registry.get     server: 'CouchDB/1.5.0 (Erlang OTP/R16B03)',
85 silly registry.get     etag: '"DVQ798XTI5XE7OIYJ22Z4PRIJ"',
85 silly registry.get     'content-type': 'application/json',
85 silly registry.get     'cache-control': 'max-age=60',
85 silly registry.get     'content-length': '19092',
85 silly registry.get     'accept-ranges': 'bytes',
85 silly registry.get     via: '1.1 varnish',
85 silly registry.get     age: '0',
85 silly registry.get     'x-served-by': 'cache-sjc3128-SJC',
85 silly registry.get     'x-cache': 'MISS',
85 silly registry.get     'x-cache-hits': '0',
85 silly registry.get     'x-timer': 'S1415824172.577420,VS0,VE59',
85 silly registry.get     vary: 'Accept',
85 silly registry.get     'keep-alive': 'timeout=10, max=50',
85 silly registry.get     connection: 'Keep-Alive' } ]
86 silly addNameRange number 2 { name: 'concentrate', range: '*', hasData: true }
87 silly addNameRange versions [ 'concentrate', [ '0.0.1', '0.1.1', '0.2.2' ] ]
88 verbose addNamed [ 'concentrate', '0.2.2' ]
89 verbose addNamed [ '0.2.2', '0.2.2' ]
90 silly lockFile ce2447b5-concentrate-0-2-2 concentrate@0.2.2
91 verbose lock concentrate@0.2.2 /home/ian/.npm/ce2447b5-concentrate-0-2-2.lock
92 silly lockFile c1809512-oncentrate-concentrate-0-2-2-tgz https://registry.npmjs.org/concentrate/-/concentrate-0.2.2.tgz
93 verbose lock https://registry.npmjs.org/concentrate/-/concentrate-0.2.2.tgz /home/ian/.npm/c1809512-oncentrate-concentrate-0-2-2-tgz.lock
94 verbose addRemoteTarball [ 'https://registry.npmjs.org/concentrate/-/concentrate-0.2.2.tgz',
94 verbose addRemoteTarball   'ac1215424ebd27c7346679b045a1ab5e4e7d571c' ]
95 info retry fetch attempt 1 at 13:29:49
96 verbose fetch to= /tmp/npm-32539-PasznX8B/registry.npmjs.org/concentrate/-/concentrate-0.2.2.tgz
97 http GET https://registry.npmjs.org/concentrate/-/concentrate-0.2.2.tgz
98 http 200 https://registry.npmjs.org/concentrate/-/concentrate-0.2.2.tgz
99 silly lockFile c1809512-oncentrate-concentrate-0-2-2-tgz https://registry.npmjs.org/concentrate/-/concentrate-0.2.2.tgz
100 silly lockFile c1809512-oncentrate-concentrate-0-2-2-tgz https://registry.npmjs.org/concentrate/-/concentrate-0.2.2.tgz
101 silly lockFile ce2447b5-concentrate-0-2-2 concentrate@0.2.2
102 silly lockFile ce2447b5-concentrate-0-2-2 concentrate@0.2.2
103 silly lockFile 57542589-concentrate concentrate@
104 silly lockFile 57542589-concentrate concentrate@
105 error 404 404 Not Found: socketio
105 error 404
105 error 404 'socketio' is not in the npm registry.
105 error 404 You should bug the author to publish it
105 error 404
105 error 404 Note that you can also install from a
105 error 404 tarball, folder, or http url, or git url.
106 error System Linux 3.14.14-gentoo
107 error command "/usr/bin/node" "/usr/bin/npm" "install" "concentrate" "dissolve" "socketio"
108 error cwd /home/ian/working-copies/DigitabulumHostBridge
109 error node -v v0.10.33
110 error npm -v 1.4.28
111 error code E404
112 verbose exit [ 1, true ]
